<?xml version="1.0" encoding="UTF-8"?>
<!-- Generated by org.testng.reporters.JUnitReportReporter -->
<testsuite hostname="LAPTOP-M1TC7PID" failures="0" tests="3" name="Ecommerce.tests.DataDrivenCheckTest" time="71.446" errors="0" timestamp="2025-02-21T09:57:46 IST" skipped="0">
  <testcase classname="Ecommerce.tests.DataDrivenCheckTest" name="submitOrder" time="22.914"/>
  <testcase classname="Ecommerce.tests.DataDrivenCheckTest" name="submitOrder" time="22.669"/>
  <testcase classname="Ecommerce.tests.DataDrivenCheckTest" name="submitOrder" time="25.863"/>
</testsuite> <!-- Ecommerce.tests.DataDrivenCheckTest -->
