<?xml version="1.0" encoding="UTF-8"?>
<!-- Generated by org.testng.reporters.JUnitReportReporter -->
<testsuite hostname="LAPTOP-M1TC7PID" failures="0" tests="2" name="Ecommerce.tests.StandAloneTestRefractedTest" time="31.351" errors="0" timestamp="2025-02-13T21:04:44 IST" skipped="0">
  <testcase classname="Ecommerce.tests.StandAloneTestRefractedTest" name="orderHistoryTest" time="5.534"/>
  <testcase classname="Ecommerce.tests.StandAloneTestRefractedTest" name="submitOrder" time="25.817"/>
</testsuite> <!-- Ecommerce.tests.StandAloneTestRefractedTest -->
