<?xml version="1.0" encoding="UTF-8"?>
<!-- Generated by org.testng.reporters.JUnitReportReporter -->
<testsuite hostname="LAPTOP-M1TC7PID" failures="0" tests="4" name="Ecommerce.tests.ErrorValidationTest" time="49.026" errors="0" timestamp="2025-02-13T20:31:40 IST" skipped="0">
  <testcase classname="Ecommerce.tests.ErrorValidationTest" name="ProductErrorValidation" time="7.346"/>
  <testcase classname="Ecommerce.tests.ErrorValidationTest" name="ProductErrorValidation" time="19.108"/>
  <testcase classname="Ecommerce.tests.ErrorValidationTest" name="loginErrorValidation" time="3.437"/>
  <testcase classname="Ecommerce.tests.ErrorValidationTest" name="ProductErrorValidation" time="19.135"/>
</testsuite> <!-- Ecommerce.tests.ErrorValidationTest -->
