<?xml version="1.0" encoding="UTF-8"?>
<!-- Generated by org.testng.reporters.JUnitReportReporter -->
<testsuite hostname="LAPTOP-M1TC7PID" failures="0" tests="6" name="Ecommerce.tests.DataDrivenCheck" time="43.173" errors="0" timestamp="2025-02-04T03:06:09 IST" skipped="0">
  <testcase classname="Ecommerce.tests.DataDrivenCheck" name="submitOrder" time="19.422"/>
  <testcase classname="Ecommerce.tests.DataDrivenCheck" name="orderHistoryTest" time="2.978"/>
  <testcase classname="Ecommerce.tests.DataDrivenCheck" name="orderHistoryTest" time="4.372"/>
  <testcase classname="Ecommerce.tests.DataDrivenCheck" name="orderHistoryTest" time="2.769"/>
  <testcase classname="Ecommerce.tests.DataDrivenCheck" name="submitOrder" time="6.862"/>
  <testcase classname="Ecommerce.tests.DataDrivenCheck" name="submitOrder" time="6.770"/>
</testsuite> <!-- Ecommerce.tests.DataDrivenCheck -->
