<?xml version="1.0" encoding="UTF-8"?>
<!-- Generated by org.testng.reporters.JUnitReportReporter -->
<testsuite hostname="LAPTOP-M1TC7PID" failures="0" tests="2" name="Ecommerce.tests.StandAloneTestRefractedTest" time="24.434" errors="0" timestamp="2025-02-13T20:31:40 IST" skipped="0">
  <testcase classname="Ecommerce.tests.StandAloneTestRefractedTest" name="submitOrder" time="20.219"/>
  <testcase classname="Ecommerce.tests.StandAloneTestRefractedTest" name="orderHistoryTest" time="4.215"/>
</testsuite> <!-- Ecommerce.tests.StandAloneTestRefractedTest -->
