<?xml version="1.0" encoding="UTF-8"?>
<!-- Generated by org.testng.reporters.JUnitReportReporter -->
<testsuite hostname="LAPTOP-M1TC7PID" failures="0" tests="2" name="Ecommerce.tests.StandAloneTestRefracted" time="24.470" errors="0" timestamp="2025-02-03T21:03:56 IST" skipped="0">
  <testcase classname="Ecommerce.tests.StandAloneTestRefracted" name="submitOrder" time="19.473"/>
  <testcase classname="Ecommerce.tests.StandAloneTestRefracted" name="orderHistoryTest" time="4.997"/>
</testsuite> <!-- Ecommerce.tests.StandAloneTestRefracted -->
