<?xml version="1.0" encoding="UTF-8"?>
<!-- Generated by org.testng.reporters.JUnitReportReporter -->
<testsuite hostname="LAPTOP-M1TC7PID" failures="0" tests="3" name="Ecommerce.tests.DataDrivenCheckTest" time="59.861" errors="0" timestamp="2025-02-13T20:33:17 IST" skipped="0">
  <testcase classname="Ecommerce.tests.DataDrivenCheckTest" name="submitOrder" time="19.631"/>
  <testcase classname="Ecommerce.tests.DataDrivenCheckTest" name="submitOrder" time="20.602"/>
  <testcase classname="Ecommerce.tests.DataDrivenCheckTest" name="submitOrder" time="19.628"/>
</testsuite> <!-- Ecommerce.tests.DataDrivenCheckTest -->
